#
# There is insufficient memory for the Java Runtime Environment to continue.
# Native memory allocation (malloc) failed to allocate 827056 bytes. Error detail: Chunk::new
# Possible reasons:
#   The system is out of physical RAM or swap space
#   This process is running with CompressedOops enabled, and the Java Heap may be blocking the growth of the native heap
# Possible solutions:
#   Reduce memory load on the system
#   Increase physical memory or swap space
#   Check if swap backing store is full
#   Decrease Java heap size (-Xmx/-Xms)
#   Decrease number of Java threads
#   Decrease Java thread stack sizes (-Xss)
#   Set larger code cache with -XX:ReservedCodeCacheSize=
#   JVM is running with Zero Based Compressed Oops mode in which the Java heap is
#     placed in the first 32GB address space. The Java Heap base address is the
#     maximum limit for the native heap growth. Please use -XX:HeapBaseMinAddress
#     to set the Java Heap base and to place the Java Heap above 32GB virtual address.
# This output file may be truncated or incomplete.
#
#  Out of Memory Error (arena.cpp:168), pid=15444, tid=8828
#
# JRE version: OpenJDK Runtime Environment JBR-21.0.3+13-509.4-jcef (21.0.3+13) (build 21.0.3+13-b509.4)
# Java VM: OpenJDK 64-Bit Server VM JBR-21.0.3+13-509.4-jcef (21.0.3+13-b509.4, mixed mode, tiered, compressed oops, compressed class ptrs, g1 gc, windows-amd64)
# No core dump will be written. Minidumps are not enabled by default on client versions of Windows
#

---------------  S U M M A R Y ------------

Command Line: git4idea.http.GitAskPassApp Username for 'https://gitlab.com': 

Host: 12th Gen Intel(R) Core(TM) i5-12450H, 12 cores, 15G,  Windows 10 , 64 bit Build 19041 (10.0.19041.3636)
Time: Wed Dec  4 17:18:53 2024 W. Europe Standard Time elapsed time: 0.723244 seconds (0d 0h 0m 0s)

---------------  T H R E A D  ---------------

Current thread (0x0000026f17a7d4b0):  JavaThread "C2 CompilerThread2" daemon [_thread_in_native, id=8828, stack(0x000000ce4a400000,0x000000ce4a500000) (1024K)]


Current CompileTask:
C2:    723 1019       4       sun.security.ec.ECOperations::setDouble (463 bytes)

Stack: [0x000000ce4a400000,0x000000ce4a500000]
Native frames: (J=compiled Java code, j=interpreted, Vv=VM code, C=native code)
V  [jvm.dll+0x6e02e9]
V  [jvm.dll+0x8bd373]
V  [jvm.dll+0x8bf8ce]
V  [jvm.dll+0x8bffb3]
V  [jvm.dll+0x2879b6]
V  [jvm.dll+0xc60ad]
V  [jvm.dll+0xc65e3]
V  [jvm.dll+0x2fd071]
V  [jvm.dll+0x607b19]
V  [jvm.dll+0x258392]
V  [jvm.dll+0x25874f]
V  [jvm.dll+0x251035]
V  [jvm.dll+0x24e88e]
V  [jvm.dll+0x1cd024]
V  [jvm.dll+0x25e12c]
V  [jvm.dll+0x25c606]
V  [jvm.dll+0x3fb046]
V  [jvm.dll+0x865328]
V  [jvm.dll+0x6deb2d]
C  [ucrtbase.dll+0x21bb2]
C  [KERNEL32.DLL+0x17344]
C  [ntdll.dll+0x526b1]


---------------  P R O C E S S  ---------------

Threads class SMR info:
_java_thread_list=0x0000026f1c3fe220, length=16, elements={
0x0000026f7a660580, 0x0000026f17a29810, 0x0000026f17a54420, 0x0000026f17a5c370,
0x0000026f17a5cdd0, 0x0000026f17a5d830, 0x0000026f17a5e290, 0x0000026f17a5a6e0,
0x0000026f17a7a500, 0x0000026f17c1ef20, 0x0000026f17c23770, 0x0000026f1c392c40,
0x0000026f17dbeb20, 0x0000026f1c3c7d40, 0x0000026f17a7c710, 0x0000026f17a7d4b0
}

Java Threads: ( => current thread )
  0x0000026f7a660580 JavaThread "main"                              [_thread_blocked, id=5992, stack(0x000000ce48d00000,0x000000ce48e00000) (1024K)]
  0x0000026f17a29810 JavaThread "Reference Handler"          daemon [_thread_blocked, id=2460, stack(0x000000ce49500000,0x000000ce49600000) (1024K)]
  0x0000026f17a54420 JavaThread "Finalizer"                  daemon [_thread_blocked, id=6164, stack(0x000000ce49600000,0x000000ce49700000) (1024K)]
  0x0000026f17a5c370 JavaThread "Signal Dispatcher"          daemon [_thread_blocked, id=11448, stack(0x000000ce49700000,0x000000ce49800000) (1024K)]
  0x0000026f17a5cdd0 JavaThread "Attach Listener"            daemon [_thread_blocked, id=22816, stack(0x000000ce49800000,0x000000ce49900000) (1024K)]
  0x0000026f17a5d830 JavaThread "Service Thread"             daemon [_thread_blocked, id=25308, stack(0x000000ce49900000,0x000000ce49a00000) (1024K)]
  0x0000026f17a5e290 JavaThread "Monitor Deflation Thread"   daemon [_thread_blocked, id=25704, stack(0x000000ce49a00000,0x000000ce49b00000) (1024K)]
  0x0000026f17a5a6e0 JavaThread "C2 CompilerThread0"         daemon [_thread_blocked, id=18852, stack(0x000000ce49b00000,0x000000ce49c00000) (1024K)]
  0x0000026f17a7a500 JavaThread "C1 CompilerThread0"         daemon [_thread_blocked, id=25224, stack(0x000000ce49c00000,0x000000ce49d00000) (1024K)]
  0x0000026f17c1ef20 JavaThread "Notification Thread"        daemon [_thread_blocked, id=25720, stack(0x000000ce49d00000,0x000000ce49e00000) (1024K)]
  0x0000026f17c23770 JavaThread "Common-Cleaner"             daemon [_thread_blocked, id=12252, stack(0x000000ce49e00000,0x000000ce49f00000) (1024K)]
  0x0000026f1c392c40 JavaThread "HttpClient-1-SelectorManager" daemon [_thread_in_native, id=24040, stack(0x000000ce49f00000,0x000000ce4a000000) (1024K)]
  0x0000026f17dbeb20 JavaThread "HttpClient-1-Worker-0"      daemon [_thread_blocked, id=20616, stack(0x000000ce4a100000,0x000000ce4a200000) (1024K)]
  0x0000026f1c3c7d40 JavaThread "HttpClient-1-Worker-1"      daemon [_thread_blocked, id=26712, stack(0x000000ce4a200000,0x000000ce4a300000) (1024K)]
  0x0000026f17a7c710 JavaThread "C2 CompilerThread1"         daemon [_thread_blocked, id=25564, stack(0x000000ce4a300000,0x000000ce4a400000) (1024K)]
=>0x0000026f17a7d4b0 JavaThread "C2 CompilerThread2"         daemon [_thread_in_native, id=8828, stack(0x000000ce4a400000,0x000000ce4a500000) (1024K)]
Total: 16

Other Threads:
  0x0000026f17a01c20 VMThread "VM Thread"                           [id=10804, stack(0x000000ce49400000,0x000000ce49500000) (1024K)]
  0x0000026f17830d90 WatcherThread "VM Periodic Task Thread"        [id=18436, stack(0x000000ce49300000,0x000000ce49400000) (1024K)]
  0x0000026f7a972520 WorkerThread "GC Thread#0"                     [id=20348, stack(0x000000ce48e00000,0x000000ce48f00000) (1024K)]
  0x0000026f7a9839a0 ConcurrentGCThread "G1 Main Marker"            [id=18492, stack(0x000000ce48f00000,0x000000ce49000000) (1024K)]
  0x0000026f7a9844a0 WorkerThread "G1 Conc#0"                       [id=16512, stack(0x000000ce49000000,0x000000ce49100000) (1024K)]
  0x0000026f7a9ddb10 ConcurrentGCThread "G1 Refine#0"               [id=26656, stack(0x000000ce49100000,0x000000ce49200000) (1024K)]
  0x0000026f7a9de680 ConcurrentGCThread "G1 Service"                [id=14732, stack(0x000000ce49200000,0x000000ce49300000) (1024K)]
Total: 7

Threads with active compile tasks:
C2 CompilerThread2      737 1019       4       sun.security.ec.ECOperations::setDouble (463 bytes)
Total: 1

VM state: not at safepoint (normal execution)

VM Mutex/Monitor currently owned by a thread: None

Heap address: 0x0000000704a00000, size: 4022 MB, Compressed Oops mode: Zero based, Oop shift amount: 3

CDS archive(s) not mapped
Compressed class space mapped at: 0x0000000800000000-0x0000000840000000, reserved size: 1073741824
Narrow klass base: 0x0000000800000000, Narrow klass shift: 0, Narrow klass range: 0x40000000

GC Precious Log:
 CardTable entry size: 512
 Card Set container configuration: InlinePtr #cards 4 size 8 Array Of Cards #cards 16 size 48 Howl #buckets 8 coarsen threshold 3686 Howl Bitmap #cards 512 size 80 coarsen threshold 460 Card regions per heap region 1 cards per card region 4096
 CPUs: 12 total, 12 available
 Memory: 16085M
 Large Page Support: Disabled
 NUMA Support: Disabled
 Compressed Oops: Enabled (Zero based)
 Heap Region Size: 2M
 Heap Min Capacity: 8M
 Heap Initial Capacity: 252M
 Heap Max Capacity: 4022M
 Pre-touch: Disabled
 Parallel Workers: 10
 Concurrent Workers: 3
 Concurrent Refinement Workers: 10
 Periodic GC: Disabled

Heap:
 garbage-first heap   total 258048K, used 14336K [0x0000000704a00000, 0x0000000800000000)
  region size 2048K, 8 young (16384K), 0 survivors (0K)
 Metaspace       used 16843K, committed 17024K, reserved 1114112K
  class space    used 1665K, committed 1728K, reserved 1048576K

Heap Regions: E=young(eden), S=young(survivor), O=old, HS=humongous(starts), HC=humongous(continues), CS=collection set, F=free, TAMS=top-at-mark-start, PB=parsable bottom
|   0|0x0000000704a00000, 0x0000000704a00000, 0x0000000704c00000|  0%| F|  |TAMS 0x0000000704a00000| PB 0x0000000704a00000| Untracked 
|   1|0x0000000704c00000, 0x0000000704c00000, 0x0000000704e00000|  0%| F|  |TAMS 0x0000000704c00000| PB 0x0000000704c00000| Untracked 
|   2|0x0000000704e00000, 0x0000000704e00000, 0x0000000705000000|  0%| F|  |TAMS 0x0000000704e00000| PB 0x0000000704e00000| Untracked 
|   3|0x0000000705000000, 0x0000000705000000, 0x0000000705200000|  0%| F|  |TAMS 0x0000000705000000| PB 0x0000000705000000| Untracked 
|   4|0x0000000705200000, 0x0000000705200000, 0x0000000705400000|  0%| F|  |TAMS 0x0000000705200000| PB 0x0000000705200000| Untracked 
|   5|0x0000000705400000, 0x0000000705400000, 0x0000000705600000|  0%| F|  |TAMS 0x0000000705400000| PB 0x0000000705400000| Untracked 
|   6|0x0000000705600000, 0x0000000705600000, 0x0000000705800000|  0%| F|  |TAMS 0x0000000705600000| PB 0x0000000705600000| Untracked 
|   7|0x0000000705800000, 0x0000000705800000, 0x0000000705a00000|  0%| F|  |TAMS 0x0000000705800000| PB 0x0000000705800000| Untracked 
|   8|0x0000000705a00000, 0x0000000705a00000, 0x0000000705c00000|  0%| F|  |TAMS 0x0000000705a00000| PB 0x0000000705a00000| Untracked 
|   9|0x0000000705c00000, 0x0000000705c00000, 0x0000000705e00000|  0%| F|  |TAMS 0x0000000705c00000| PB 0x0000000705c00000| Untracked 
|  10|0x0000000705e00000, 0x0000000705e00000, 0x0000000706000000|  0%| F|  |TAMS 0x0000000705e00000| PB 0x0000000705e00000| Untracked 
|  11|0x0000000706000000, 0x0000000706000000, 0x0000000706200000|  0%| F|  |TAMS 0x0000000706000000| PB 0x0000000706000000| Untracked 
|  12|0x0000000706200000, 0x0000000706200000, 0x0000000706400000|  0%| F|  |TAMS 0x0000000706200000| PB 0x0000000706200000| Untracked 
|  13|0x0000000706400000, 0x0000000706400000, 0x0000000706600000|  0%| F|  |TAMS 0x0000000706400000| PB 0x0000000706400000| Untracked 
|  14|0x0000000706600000, 0x0000000706600000, 0x0000000706800000|  0%| F|  |TAMS 0x0000000706600000| PB 0x0000000706600000| Untracked 
|  15|0x0000000706800000, 0x0000000706800000, 0x0000000706a00000|  0%| F|  |TAMS 0x0000000706800000| PB 0x0000000706800000| Untracked 
|  16|0x0000000706a00000, 0x0000000706a00000, 0x0000000706c00000|  0%| F|  |TAMS 0x0000000706a00000| PB 0x0000000706a00000| Untracked 
|  17|0x0000000706c00000, 0x0000000706c00000, 0x0000000706e00000|  0%| F|  |TAMS 0x0000000706c00000| PB 0x0000000706c00000| Untracked 
|  18|0x0000000706e00000, 0x0000000706e00000, 0x0000000707000000|  0%| F|  |TAMS 0x0000000706e00000| PB 0x0000000706e00000| Untracked 
|  19|0x0000000707000000, 0x0000000707000000, 0x0000000707200000|  0%| F|  |TAMS 0x0000000707000000| PB 0x0000000707000000| Untracked 
|  20|0x0000000707200000, 0x0000000707200000, 0x0000000707400000|  0%| F|  |TAMS 0x0000000707200000| PB 0x0000000707200000| Untracked 
|  21|0x0000000707400000, 0x0000000707400000, 0x0000000707600000|  0%| F|  |TAMS 0x0000000707400000| PB 0x0000000707400000| Untracked 
|  22|0x0000000707600000, 0x0000000707600000, 0x0000000707800000|  0%| F|  |TAMS 0x0000000707600000| PB 0x0000000707600000| Untracked 
|  23|0x0000000707800000, 0x0000000707800000, 0x0000000707a00000|  0%| F|  |TAMS 0x0000000707800000| PB 0x0000000707800000| Untracked 
|  24|0x0000000707a00000, 0x0000000707a00000, 0x0000000707c00000|  0%| F|  |TAMS 0x0000000707a00000| PB 0x0000000707a00000| Untracked 
|  25|0x0000000707c00000, 0x0000000707c00000, 0x0000000707e00000|  0%| F|  |TAMS 0x0000000707c00000| PB 0x0000000707c00000| Untracked 
|  26|0x0000000707e00000, 0x0000000707e00000, 0x0000000708000000|  0%| F|  |TAMS 0x0000000707e00000| PB 0x0000000707e00000| Untracked 
|  27|0x0000000708000000, 0x0000000708000000, 0x0000000708200000|  0%| F|  |TAMS 0x0000000708000000| PB 0x0000000708000000| Untracked 
|  28|0x0000000708200000, 0x0000000708200000, 0x0000000708400000|  0%| F|  |TAMS 0x0000000708200000| PB 0x0000000708200000| Untracked 
|  29|0x0000000708400000, 0x0000000708400000, 0x0000000708600000|  0%| F|  |TAMS 0x0000000708400000| PB 0x0000000708400000| Untracked 
|  30|0x0000000708600000, 0x0000000708600000, 0x0000000708800000|  0%| F|  |TAMS 0x0000000708600000| PB 0x0000000708600000| Untracked 
|  31|0x0000000708800000, 0x0000000708800000, 0x0000000708a00000|  0%| F|  |TAMS 0x0000000708800000| PB 0x0000000708800000| Untracked 
|  32|0x0000000708a00000, 0x0000000708a00000, 0x0000000708c00000|  0%| F|  |TAMS 0x0000000708a00000| PB 0x0000000708a00000| Untracked 
|  33|0x0000000708c00000, 0x0000000708c00000, 0x0000000708e00000|  0%| F|  |TAMS 0x0000000708c00000| PB 0x0000000708c00000| Untracked 
|  34|0x0000000708e00000, 0x0000000708e00000, 0x0000000709000000|  0%| F|  |TAMS 0x0000000708e00000| PB 0x0000000708e00000| Untracked 
|  35|0x0000000709000000, 0x0000000709000000, 0x0000000709200000|  0%| F|  |TAMS 0x0000000709000000| PB 0x0000000709000000| Untracked 
|  36|0x0000000709200000, 0x0000000709200000, 0x0000000709400000|  0%| F|  |TAMS 0x0000000709200000| PB 0x0000000709200000| Untracked 
|  37|0x0000000709400000, 0x0000000709400000, 0x0000000709600000|  0%| F|  |TAMS 0x0000000709400000| PB 0x0000000709400000| Untracked 
|  38|0x0000000709600000, 0x0000000709600000, 0x0000000709800000|  0%| F|  |TAMS 0x0000000709600000| PB 0x0000000709600000| Untracked 
|  39|0x0000000709800000, 0x0000000709800000, 0x0000000709a00000|  0%| F|  |TAMS 0x0000000709800000| PB 0x0000000709800000| Untracked 
|  40|0x0000000709a00000, 0x0000000709a00000, 0x0000000709c00000|  0%| F|  |TAMS 0x0000000709a00000| PB 0x0000000709a00000| Untracked 
|  41|0x0000000709c00000, 0x0000000709c00000, 0x0000000709e00000|  0%| F|  |TAMS 0x0000000709c00000| PB 0x0000000709c00000| Untracked 
|  42|0x0000000709e00000, 0x0000000709e00000, 0x000000070a000000|  0%| F|  |TAMS 0x0000000709e00000| PB 0x0000000709e00000| Untracked 
|  43|0x000000070a000000, 0x000000070a000000, 0x000000070a200000|  0%| F|  |TAMS 0x000000070a000000| PB 0x000000070a000000| Untracked 
|  44|0x000000070a200000, 0x000000070a200000, 0x000000070a400000|  0%| F|  |TAMS 0x000000070a200000| PB 0x000000070a200000| Untracked 
|  45|0x000000070a400000, 0x000000070a400000, 0x000000070a600000|  0%| F|  |TAMS 0x000000070a400000| PB 0x000000070a400000| Untracked 
|  46|0x000000070a600000, 0x000000070a600000, 0x000000070a800000|  0%| F|  |TAMS 0x000000070a600000| PB 0x000000070a600000| Untracked 
|  47|0x000000070a800000, 0x000000070a800000, 0x000000070aa00000|  0%| F|  |TAMS 0x000000070a800000| PB 0x000000070a800000| Untracked 
|  48|0x000000070aa00000, 0x000000070aa00000, 0x000000070ac00000|  0%| F|  |TAMS 0x000000070aa00000| PB 0x000000070aa00000| Untracked 
|  49|0x000000070ac00000, 0x000000070ac00000, 0x000000070ae00000|  0%| F|  |TAMS 0x000000070ac00000| PB 0x000000070ac00000| Untracked 
|  50|0x000000070ae00000, 0x000000070ae00000, 0x000000070b000000|  0%| F|  |TAMS 0x000000070ae00000| PB 0x000000070ae00000| Untracked 
|  51|0x000000070b000000, 0x000000070b000000, 0x000000070b200000|  0%| F|  |TAMS 0x000000070b000000| PB 0x000000070b000000| Untracked 
|  52|0x000000070b200000, 0x000000070b200000, 0x000000070b400000|  0%| F|  |TAMS 0x000000070b200000| PB 0x000000070b200000| Untracked 
|  53|0x000000070b400000, 0x000000070b400000, 0x000000070b600000|  0%| F|  |TAMS 0x000000070b400000| PB 0x000000070b400000| Untracked 
|  54|0x000000070b600000, 0x000000070b600000, 0x000000070b800000|  0%| F|  |TAMS 0x000000070b600000| PB 0x000000070b600000| Untracked 
|  55|0x000000070b800000, 0x000000070b800000, 0x000000070ba00000|  0%| F|  |TAMS 0x000000070b800000| PB 0x000000070b800000| Untracked 
|  56|0x000000070ba00000, 0x000000070ba00000, 0x000000070bc00000|  0%| F|  |TAMS 0x000000070ba00000| PB 0x000000070ba00000| Untracked 
|  57|0x000000070bc00000, 0x000000070bc00000, 0x000000070be00000|  0%| F|  |TAMS 0x000000070bc00000| PB 0x000000070bc00000| Untracked 
|  58|0x000000070be00000, 0x000000070be00000, 0x000000070c000000|  0%| F|  |TAMS 0x000000070be00000| PB 0x000000070be00000| Untracked 
|  59|0x000000070c000000, 0x000000070c000000, 0x000000070c200000|  0%| F|  |TAMS 0x000000070c000000| PB 0x000000070c000000| Untracked 
|  60|0x000000070c200000, 0x000000070c200000, 0x000000070c400000|  0%| F|  |TAMS 0x000000070c200000| PB 0x000000070c200000| Untracked 
|  61|0x000000070c400000, 0x000000070c400000, 0x000000070c600000|  0%| F|  |TAMS 0x000000070c400000| PB 0x000000070c400000| Untracked 
|  62|0x000000070c600000, 0x000000070c600000, 0x000000070c800000|  0%| F|  |TAMS 0x000000070c600000| PB 0x000000070c600000| Untracked 
|  63|0x000000070c800000, 0x000000070c800000, 0x000000070ca00000|  0%| F|  |TAMS 0x000000070c800000| PB 0x000000070c800000| Untracked 
|  64|0x000000070ca00000, 0x000000070ca00000, 0x000000070cc00000|  0%| F|  |TAMS 0x000000070ca00000| PB 0x000000070ca00000| Untracked 
|  65|0x000000070cc00000, 0x000000070cc00000, 0x000000070ce00000|  0%| F|  |TAMS 0x000000070cc00000| PB 0x000000070cc00000| Untracked 
|  66|0x000000070ce00000, 0x000000070ce00000, 0x000000070d000000|  0%| F|  |TAMS 0x000000070ce00000| PB 0x000000070ce00000| Untracked 
|  67|0x000000070d000000, 0x000000070d000000, 0x000000070d200000|  0%| F|  |TAMS 0x000000070d000000| PB 0x000000070d000000| Untracked 
|  68|0x000000070d200000, 0x000000070d200000, 0x000000070d400000|  0%| F|  |TAMS 0x000000070d200000| PB 0x000000070d200000| Untracked 
|  69|0x000000070d400000, 0x000000070d400000, 0x000000070d600000|  0%| F|  |TAMS 0x000000070d400000| PB 0x000000070d400000| Untracked 
|  70|0x000000070d600000, 0x000000070d600000, 0x000000070d800000|  0%| F|  |TAMS 0x000000070d600000| PB 0x000000070d600000| Untracked 
|  71|0x000000070d800000, 0x000000070d800000, 0x000000070da00000|  0%| F|  |TAMS 0x000000070d800000| PB 0x000000070d800000| Untracked 
|  72|0x000000070da00000, 0x000000070da00000, 0x000000070dc00000|  0%| F|  |TAMS 0x000000070da00000| PB 0x000000070da00000| Untracked 
|  73|0x000000070dc00000, 0x000000070dc00000, 0x000000070de00000|  0%| F|  |TAMS 0x000000070dc00000| PB 0x000000070dc00000| Untracked 
|  74|0x000000070de00000, 0x000000070de00000, 0x000000070e000000|  0%| F|  |TAMS 0x000000070de00000| PB 0x000000070de00000| Untracked 
|  75|0x000000070e000000, 0x000000070e000000, 0x000000070e200000|  0%| F|  |TAMS 0x000000070e000000| PB 0x000000070e000000| Untracked 
|  76|0x000000070e200000, 0x000000070e200000, 0x000000070e400000|  0%| F|  |TAMS 0x000000070e200000| PB 0x000000070e200000| Untracked 
|  77|0x000000070e400000, 0x000000070e400000, 0x000000070e600000|  0%| F|  |TAMS 0x000000070e400000| PB 0x000000070e400000| Untracked 
|  78|0x000000070e600000, 0x000000070e600000, 0x000000070e800000|  0%| F|  |TAMS 0x000000070e600000| PB 0x000000070e600000| Untracked 
|  79|0x000000070e800000, 0x000000070e800000, 0x000000070ea00000|  0%| F|  |TAMS 0x000000070e800000| PB 0x000000070e800000| Untracked 
|  80|0x000000070ea00000, 0x000000070ea00000, 0x000000070ec00000|  0%| F|  |TAMS 0x000000070ea00000| PB 0x000000070ea00000| Untracked 
|  81|0x000000070ec00000, 0x000000070ec00000, 0x000000070ee00000|  0%| F|  |TAMS 0x000000070ec00000| PB 0x000000070ec00000| Untracked 
|  82|0x000000070ee00000, 0x000000070ee00000, 0x000000070f000000|  0%| F|  |TAMS 0x000000070ee00000| PB 0x000000070ee00000| Untracked 
|  83|0x000000070f000000, 0x000000070f000000, 0x000000070f200000|  0%| F|  |TAMS 0x000000070f000000| PB 0x000000070f000000| Untracked 
|  84|0x000000070f200000, 0x000000070f200000, 0x000000070f400000|  0%| F|  |TAMS 0x000000070f200000| PB 0x000000070f200000| Untracked 
|  85|0x000000070f400000, 0x000000070f400000, 0x000000070f600000|  0%| F|  |TAMS 0x000000070f400000| PB 0x000000070f400000| Untracked 
|  86|0x000000070f600000, 0x000000070f600000, 0x000000070f800000|  0%| F|  |TAMS 0x000000070f600000| PB 0x000000070f600000| Untracked 
|  87|0x000000070f800000, 0x000000070f800000, 0x000000070fa00000|  0%| F|  |TAMS 0x000000070f800000| PB 0x000000070f800000| Untracked 
|  88|0x000000070fa00000, 0x000000070fa00000, 0x000000070fc00000|  0%| F|  |TAMS 0x000000070fa00000| PB 0x000000070fa00000| Untracked 
|  89|0x000000070fc00000, 0x000000070fc00000, 0x000000070fe00000|  0%| F|  |TAMS 0x000000070fc00000| PB 0x000000070fc00000| Untracked 
|  90|0x000000070fe00000, 0x000000070fe00000, 0x0000000710000000|  0%| F|  |TAMS 0x000000070fe00000| PB 0x000000070fe00000| Untracked 
|  91|0x0000000710000000, 0x0000000710000000, 0x0000000710200000|  0%| F|  |TAMS 0x0000000710000000| PB 0x0000000710000000| Untracked 
|  92|0x0000000710200000, 0x0000000710200000, 0x0000000710400000|  0%| F|  |TAMS 0x0000000710200000| PB 0x0000000710200000| Untracked 
|  93|0x0000000710400000, 0x0000000710400000, 0x0000000710600000|  0%| F|  |TAMS 0x0000000710400000| PB 0x0000000710400000| Untracked 
|  94|0x0000000710600000, 0x0000000710600000, 0x0000000710800000|  0%| F|  |TAMS 0x0000000710600000| PB 0x0000000710600000| Untracked 
|  95|0x0000000710800000, 0x0000000710800000, 0x0000000710a00000|  0%| F|  |TAMS 0x0000000710800000| PB 0x0000000710800000| Untracked 
|  96|0x0000000710a00000, 0x0000000710a00000, 0x0000000710c00000|  0%| F|  |TAMS 0x0000000710a00000| PB 0x0000000710a00000| Untracked 
|  97|0x0000000710c00000, 0x0000000710c00000, 0x0000000710e00000|  0%| F|  |TAMS 0x0000000710c00000| PB 0x0000000710c00000| Untracked 
|  98|0x0000000710e00000, 0x0000000710e00000, 0x0000000711000000|  0%| F|  |TAMS 0x0000000710e00000| PB 0x0000000710e00000| Untracked 
|  99|0x0000000711000000, 0x0000000711000000, 0x0000000711200000|  0%| F|  |TAMS 0x0000000711000000| PB 0x0000000711000000| Untracked 
| 100|0x0000000711200000, 0x0000000711200000, 0x0000000711400000|  0%| F|  |TAMS 0x0000000711200000| PB 0x0000000711200000| Untracked 
| 101|0x0000000711400000, 0x0000000711400000, 0x0000000711600000|  0%| F|  |TAMS 0x0000000711400000| PB 0x0000000711400000| Untracked 
| 102|0x0000000711600000, 0x0000000711600000, 0x0000000711800000|  0%| F|  |TAMS 0x0000000711600000| PB 0x0000000711600000| Untracked 
| 103|0x0000000711800000, 0x0000000711800000, 0x0000000711a00000|  0%| F|  |TAMS 0x0000000711800000| PB 0x0000000711800000| Untracked 
| 104|0x0000000711a00000, 0x0000000711a00000, 0x0000000711c00000|  0%| F|  |TAMS 0x0000000711a00000| PB 0x0000000711a00000| Untracked 
| 105|0x0000000711c00000, 0x0000000711c00000, 0x0000000711e00000|  0%| F|  |TAMS 0x0000000711c00000| PB 0x0000000711c00000| Untracked 
| 106|0x0000000711e00000, 0x0000000711e00000, 0x0000000712000000|  0%| F|  |TAMS 0x0000000711e00000| PB 0x0000000711e00000| Untracked 
| 107|0x0000000712000000, 0x0000000712000000, 0x0000000712200000|  0%| F|  |TAMS 0x0000000712000000| PB 0x0000000712000000| Untracked 
| 108|0x0000000712200000, 0x0000000712200000, 0x0000000712400000|  0%| F|  |TAMS 0x0000000712200000| PB 0x0000000712200000| Untracked 
| 109|0x0000000712400000, 0x0000000712400000, 0x0000000712600000|  0%| F|  |TAMS 0x0000000712400000| PB 0x0000000712400000| Untracked 
| 110|0x0000000712600000, 0x0000000712600000, 0x0000000712800000|  0%| F|  |TAMS 0x0000000712600000| PB 0x0000000712600000| Untracked 
| 111|0x0000000712800000, 0x0000000712800000, 0x0000000712a00000|  0%| F|  |TAMS 0x0000000712800000| PB 0x0000000712800000| Untracked 
| 112|0x0000000712a00000, 0x0000000712a00000, 0x0000000712c00000|  0%| F|  |TAMS 0x0000000712a00000| PB 0x0000000712a00000| Untracked 
| 113|0x0000000712c00000, 0x0000000712c00000, 0x0000000712e00000|  0%| F|  |TAMS 0x0000000712c00000| PB 0x0000000712c00000| Untracked 
| 114|0x0000000712e00000, 0x0000000712e00000, 0x0000000713000000|  0%| F|  |TAMS 0x0000000712e00000| PB 0x0000000712e00000| Untracked 
| 115|0x0000000713000000, 0x0000000713000000, 0x0000000713200000|  0%| F|  |TAMS 0x0000000713000000| PB 0x0000000713000000| Untracked 
| 116|0x0000000713200000, 0x0000000713200000, 0x0000000713400000|  0%| F|  |TAMS 0x0000000713200000| PB 0x0000000713200000| Untracked 
| 117|0x0000000713400000, 0x0000000713400000, 0x0000000713600000|  0%| F|  |TAMS 0x0000000713400000| PB 0x0000000713400000| Untracked 
| 118|0x0000000713600000, 0x0000000713671298, 0x0000000713800000| 22%| E|  |TAMS 0x0000000713600000| PB 0x0000000713600000| Complete 
| 119|0x0000000713800000, 0x0000000713a00000, 0x0000000713a00000|100%| E|CS|TAMS 0x0000000713800000| PB 0x0000000713800000| Complete 
| 120|0x0000000713a00000, 0x0000000713c00000, 0x0000000713c00000|100%| E|CS|TAMS 0x0000000713a00000| PB 0x0000000713a00000| Complete 
| 121|0x0000000713c00000, 0x0000000713e00000, 0x0000000713e00000|100%| E|CS|TAMS 0x0000000713c00000| PB 0x0000000713c00000| Complete 
| 122|0x0000000713e00000, 0x0000000714000000, 0x0000000714000000|100%| E|CS|TAMS 0x0000000713e00000| PB 0x0000000713e00000| Complete 
| 123|0x0000000714000000, 0x0000000714200000, 0x0000000714200000|100%| E|CS|TAMS 0x0000000714000000| PB 0x0000000714000000| Complete 
| 124|0x0000000714200000, 0x0000000714400000, 0x0000000714400000|100%| E|CS|TAMS 0x0000000714200000| PB 0x0000000714200000| Complete 
| 125|0x0000000714400000, 0x0000000714600000, 0x0000000714600000|100%| E|CS|TAMS 0x0000000714400000| PB 0x0000000714400000| Complete 

Card table byte_map: [0x0000026f7d680000,0x0000026f7de60000] _byte_map_base: 0x0000026f79e5b000

Marking Bits: (CMBitMap*) 0x0000026f7a972c20
 Bits: [0x0000026f12e50000, 0x0000026f16d28000)

Polling page: 0x0000026f7a9e0000

Metaspace:

Usage:
  Non-class:     14.82 MB used.
      Class:      1.63 MB used.
       Both:     16.45 MB used.

Virtual space:
  Non-class space:       64.00 MB reserved,      14.94 MB ( 23%) committed,  1 nodes.
      Class space:        1.00 GB reserved,       1.69 MB ( <1%) committed,  1 nodes.
             Both:        1.06 GB reserved,      16.62 MB (  2%) committed. 

Chunk freelists:
   Non-Class:  896.00 KB
       Class:  14.19 MB
        Both:  15.06 MB

MaxMetaspaceSize: unlimited
CompressedClassSpaceSize: 1.00 GB
Initial GC threshold: 21.00 MB
Current GC threshold: 21.00 MB
CDS: off
 - commit_granule_bytes: 65536.
 - commit_granule_words: 8192.
 - virtual_space_node_default_size: 8388608.
 - enlarge_chunks_in_place: 1.
 - use_allocation_guard: 0.


Internal statistics:

num_allocs_failed_limit: 0.
num_arena_births: 222.
num_arena_deaths: 0.
num_vsnodes_births: 2.
num_vsnodes_deaths: 0.
num_space_committed: 266.
num_space_uncommitted: 0.
num_chunks_returned_to_freelist: 0.
num_chunks_taken_from_freelist: 403.
num_chunk_merges: 0.
num_chunk_splits: 222.
num_chunks_enlarged: 92.
num_inconsistent_stats: 0.

CodeHeap 'non-profiled nmethods': size=120000Kb used=355Kb max_used=355Kb free=119644Kb
 bounds [0x0000026f0b920000, 0x0000026f0bb90000, 0x0000026f12e50000]
CodeHeap 'profiled nmethods': size=120000Kb used=1621Kb max_used=1621Kb free=118378Kb
 bounds [0x0000026f03e50000, 0x0000026f040c0000, 0x0000026f0b380000]
CodeHeap 'non-nmethods': size=5760Kb used=1424Kb max_used=1444Kb free=4335Kb
 bounds [0x0000026f0b380000, 0x0000026f0b5f0000, 0x0000026f0b920000]
 total_blobs=1539 nmethods=1027 adapters=417
 compilation: enabled
              stopped_count=0, restarted_count=0
 full_count=0

Compilation events (20 events):
Event: 0.689 Thread 0x0000026f17a5a6e0 nmethod 992 0x0000026f0b972a90 code [0x0000026f0b972c40, 0x0000026f0b972f38]
Event: 0.689 Thread 0x0000026f17a5a6e0  996       4       sun.security.util.math.intpoly.IntegerPolynomial$MutableElement::setProduct (6 bytes)
Event: 0.690 Thread 0x0000026f17a7d4b0 nmethod 993 0x0000026f0b973110 code [0x0000026f0b9732c0, 0x0000026f0b9735c0]
Event: 0.690 Thread 0x0000026f17a7d4b0  997       4       sun.security.util.math.intpoly.IntegerPolynomial$MutableElement::setProduct (58 bytes)
Event: 0.692 Thread 0x0000026f17a7c710 nmethod 976 0x0000026f0b973790 code [0x0000026f0b973920, 0x0000026f0b973c08]
Event: 0.692 Thread 0x0000026f17a7c710 1005       4       sun.security.util.math.intpoly.IntegerPolynomial$MutableElement::setSquare (5 bytes)
Event: 0.692 Thread 0x0000026f17a7c710 nmethod 1005 0x0000026f0b973d10 code [0x0000026f0b973ec0, 0x0000026f0b974008]
Event: 0.692 Thread 0x0000026f17a7c710 1006       4       sun.security.util.math.intpoly.IntegerPolynomial$MutableElement::setSquare (52 bytes)
Event: 0.693 Thread 0x0000026f17a7c710 nmethod 1006 0x0000026f0b974190 code [0x0000026f0b974340, 0x0000026f0b974488]
Event: 0.693 Thread 0x0000026f17a7c710 1009       4       sun.security.util.math.intpoly.IntegerPolynomialP256::square (613 bytes)
Event: 0.693 Thread 0x0000026f17a5a6e0 nmethod 996 0x0000026f0b974590 code [0x0000026f0b974760, 0x0000026f0b974be8]
Event: 0.693 Thread 0x0000026f17a5a6e0  994       4       sun.security.util.math.intpoly.IntegerPolynomialP256::reduce (40 bytes)
Event: 0.694 Thread 0x0000026f17a5a6e0 nmethod 994 0x0000026f0b974f10 code [0x0000026f0b9750a0, 0x0000026f0b9751d8]
Event: 0.694 Thread 0x0000026f17a5a6e0 1013       4       sun.security.ec.point.ProjectivePoint$Mutable::conditionalSet (53 bytes)
Event: 0.694 Thread 0x0000026f17a7d4b0 nmethod 997 0x0000026f0b975310 code [0x0000026f0b9754e0, 0x0000026f0b975968]
Event: 0.694 Thread 0x0000026f17a7d4b0 1019       4       sun.security.ec.ECOperations::setDouble (463 bytes)
Event: 0.697 Thread 0x0000026f17a7c710 nmethod 1009 0x0000026f0b975c10 code [0x0000026f0b975dc0, 0x0000026f0b976350]
Event: 0.705 Thread 0x0000026f17a5a6e0 nmethod 1013 0x0000026f0b976510 code [0x0000026f0b976700, 0x0000026f0b977020]
Event: 0.706 Thread 0x0000026f17a7c710 1020       4       sun.security.ec.ECOperations$PointMultiplier::lookup (84 bytes)
Event: 0.707 Thread 0x0000026f17a5a6e0 1021       4       sun.security.util.math.intpoly.IntegerPolynomial$MutableElement::setAdditiveInverse (32 bytes)

GC Heap History (0 events):
No events

Dll operation events (2 events):
Event: 0.029 Loaded shared library C:\Users\Alina\AppData\Local\Programs\IntelliJ IDEA Ultimate\jbr\bin\java.dll
Event: 0.051 Loaded shared library C:\Users\Alina\AppData\Local\Programs\IntelliJ IDEA Ultimate\jbr\bin\zip.dll

Deoptimization events (6 events):
Event: 0.431 Thread 0x0000026f7a660580 DEOPT PACKING pc=0x0000026f03e8d5a3 sp=0x000000ce48dfde80
Event: 0.431 Thread 0x0000026f7a660580 DEOPT UNPACKING pc=0x0000026f0b3d4e42 sp=0x000000ce48dfd318 mode 0
Event: 0.487 Thread 0x0000026f7a660580 DEOPT PACKING pc=0x0000026f03e68af8 sp=0x000000ce48dfcba0
Event: 0.487 Thread 0x0000026f7a660580 DEOPT UNPACKING pc=0x0000026f0b3d4e42 sp=0x000000ce48dfbfc0 mode 0
Event: 0.524 Thread 0x0000026f7a660580 DEOPT PACKING pc=0x0000026f03e672d8 sp=0x000000ce48dfc5b0
Event: 0.524 Thread 0x0000026f7a660580 DEOPT UNPACKING pc=0x0000026f0b3d4e42 sp=0x000000ce48dfba18 mode 0

Classes loaded (20 events):
Event: 0.655 Loading class sun/security/ssl/KeyShareExtension$KeyShareEntry
Event: 0.655 Loading class sun/security/ssl/KeyShareExtension$KeyShareEntry done
Event: 0.655 Loading class sun/security/ssl/ECDHKeyExchange$ECDHEPossession
Event: 0.655 Loading class sun/security/ssl/ECDHKeyExchange$ECDHEPossession done
Event: 0.656 Loading class sun/security/util/math/intpoly/IntegerPolynomialP384
Event: 0.656 Loading class sun/security/util/math/intpoly/IntegerPolynomialP384 done
Event: 0.656 Loading class sun/security/util/math/intpoly/IntegerPolynomialP521
Event: 0.656 Loading class sun/security/util/math/intpoly/IntegerPolynomialP521 done
Event: 0.657 Loading class sun/security/util/math/intpoly/P384OrderField
Event: 0.657 Loading class sun/security/util/math/intpoly/P384OrderField done
Event: 0.657 Loading class sun/security/util/math/intpoly/P521OrderField
Event: 0.657 Loading class sun/security/util/math/intpoly/P521OrderField done
Event: 0.657 Loading class java/security/interfaces/ECPrivateKey
Event: 0.657 Loading class java/security/interfaces/ECPrivateKey done
Event: 0.658 Loading class sun/security/util/ArrayUtil
Event: 0.658 Loading class sun/security/util/ArrayUtil done
Event: 0.658 Loading class java/util/ImmutableCollections$Map1
Event: 0.658 Loading class java/util/ImmutableCollections$Map1 done
Event: 0.660 Loading class sun/security/util/math/IntegerModuloP$MultiplicativeInverser$Secp256R1
Event: 0.660 Loading class sun/security/util/math/IntegerModuloP$MultiplicativeInverser$Secp256R1 done

Classes unloaded (0 events):
No events

Classes redefined (0 events):
No events

Internal exceptions (20 events):
Event: 0.479 Thread 0x0000026f7a660580 Exception <a 'java/lang/NoSuchMethodError'{0x0000000713ea0ba0}: 'int java.lang.invoke.DirectMethodHandle$Holder.invokeVirtual(java.lang.Object, java.lang.Object)'> (0x0000000713ea0ba0) 
thrown [s\src\hotspot\share\interpreter\linkResolver.cpp, line 784]
Event: 0.480 Thread 0x0000026f7a660580 Exception <a 'java/lang/NoSuchMethodError'{0x0000000713ea4e08}: 'int java.lang.invoke.DirectMethodHandle$Holder.invokeStaticInit(java.lang.Object, int, int)'> (0x0000000713ea4e08) 
thrown [s\src\hotspot\share\interpreter\linkResolver.cpp, line 784]
Event: 0.480 Thread 0x0000026f7a660580 Exception <a 'java/lang/NoSuchMethodError'{0x0000000713eac1c8}: 'int java.lang.invoke.DirectMethodHandle$Holder.invokeStaticInit(java.lang.Object, long, long)'> (0x0000000713eac1c8) 
thrown [s\src\hotspot\share\interpreter\linkResolver.cpp, line 784]
Event: 0.480 Thread 0x0000026f7a660580 Exception <a 'java/lang/NoSuchMethodError'{0x0000000713eb2c08}: 'int java.lang.invoke.DirectMethodHandle$Holder.invokeStaticInit(java.lang.Object, float, float)'> (0x0000000713eb2c08) 
thrown [s\src\hotspot\share\interpreter\linkResolver.cpp, line 784]
Event: 0.481 Thread 0x0000026f7a660580 Exception <a 'java/lang/NoSuchMethodError'{0x0000000713eb9518}: 'int java.lang.invoke.DirectMethodHandle$Holder.invokeStaticInit(java.lang.Object, double, double)'> (0x0000000713eb9518) 
thrown [s\src\hotspot\share\interpreter\linkResolver.cpp, line 784]
Event: 0.481 Thread 0x0000026f7a660580 Exception <a 'java/lang/NoSuchMethodError'{0x0000000713ebd9a0}: 'int java.lang.invoke.DirectMethodHandle$Holder.invokeStatic(java.lang.Object, long)'> (0x0000000713ebd9a0) 
thrown [s\src\hotspot\share\interpreter\linkResolver.cpp, line 784]
Event: 0.486 Thread 0x0000026f7a660580 Exception <a 'java/lang/NoSuchMethodError'{0x0000000713ee9a60}: 'java.lang.Object java.lang.invoke.DelegatingMethodHandle$Holder.delegate(java.lang.Object, int, java.lang.Object, java.lang.Object)'> (0x0000000713ee9a60) 
thrown [s\src\hotspot\share\interpreter\linkResolver.cpp, line 784]
Event: 0.488 Thread 0x0000026f7a660580 Exception <a 'java/lang/NoSuchMethodError'{0x0000000713ef8b70}: 'int java.lang.invoke.Invokers$Holder.linkToTargetMethod(java.lang.Object, java.lang.Object, java.lang.Object)'> (0x0000000713ef8b70) 
thrown [s\src\hotspot\share\interpreter\linkResolver.cpp, line 784]
Event: 0.493 Thread 0x0000026f7a660580 Exception <a 'java/lang/NoSuchMethodError'{0x0000000713f2a918}: 'long java.lang.invoke.DirectMethodHandle$Holder.invokeSpecial(java.lang.Object, java.lang.Object)'> (0x0000000713f2a918) 
thrown [s\src\hotspot\share\interpreter\linkResolver.cpp, line 784]
Event: 0.494 Thread 0x0000026f7a660580 Exception <a 'java/lang/NoSuchMethodError'{0x0000000713f31018}: 'int java.lang.invoke.DirectMethodHandle$Holder.invokeStatic(java.lang.Object, java.lang.Object, java.lang.Object, java.lang.Object)'> (0x0000000713f31018) 
thrown [s\src\hotspot\share\interpreter\linkResolver.cpp, line 784]
Event: 0.494 Thread 0x0000026f7a660580 Exception <a 'java/lang/NoSuchMethodError'{0x0000000713f343e8}: 'java.lang.Object java.lang.invoke.Invokers$Holder.invokeExact_MT(java.lang.Object, java.lang.Object, java.lang.Object, java.lang.Object, java.lang.Object, java.lang.Object)'> (0x0000000713f343e8) 
thrown [s\src\hotspot\share\interpreter\linkResolver.cpp, line 784]
Event: 0.569 Thread 0x0000026f7a660580 Exception <a 'java/lang/NoSuchMethodError'{0x0000000713d11a68}: 'java.lang.Object java.lang.invoke.DirectMethodHandle$Holder.newInvokeSpecial(java.lang.Object, java.lang.Object, java.lang.Object, java.lang.Object, java.lang.Object)'> (0x0000000713d11a68) 
thrown [s\src\hotspot\share\interpreter\linkResolver.cpp, line 784]
Event: 0.590 Thread 0x0000026f7a660580 Exception <a 'java/lang/NoSuchMethodError'{0x0000000713b00dd8}: 'java.lang.Object java.lang.invoke.DirectMethodHandle$Holder.invokeSpecial(java.lang.Object, java.lang.Object, java.lang.Object, java.lang.Object, int)'> (0x0000000713b00dd8) 
thrown [s\src\hotspot\share\interpreter\linkResolver.cpp, line 784]
Event: 0.590 Thread 0x0000026f7a660580 Exception <a 'java/lang/NoSuchMethodError'{0x0000000713b04720}: 'java.lang.Object java.lang.invoke.Invokers$Holder.linkToTargetMethod(java.lang.Object, java.lang.Object, int, java.lang.Object)'> (0x0000000713b04720) 
thrown [s\src\hotspot\share\interpreter\linkResolver.cpp, line 784]
Event: 0.596 Thread 0x0000026f7a660580 Exception <a 'java/lang/NoSuchMethodError'{0x0000000713b33100}: 'void java.lang.invoke.DirectMethodHandle$Holder.invokeSpecial(java.lang.Object, java.lang.Object, java.lang.Object)'> (0x0000000713b33100) 
thrown [s\src\hotspot\share\interpreter\linkResolver.cpp, line 784]
Event: 0.609 Thread 0x0000026f1c392c40 Exception <a 'java/lang/NoSuchMethodError'{0x0000000713d74e40}: 'void java.lang.invoke.DirectMethodHandle$Holder.invokeStatic(java.lang.Object, java.lang.Object, int)'> (0x0000000713d74e40) 
thrown [s\src\hotspot\share\interpreter\linkResolver.cpp, line 784]
Event: 0.613 Thread 0x0000026f7a660580 Exception <a 'java/lang/NoSuchMethodError'{0x0000000713bb3b38}: 'void java.lang.invoke.DirectMethodHandle$Holder.invokeSpecial(java.lang.Object, java.lang.Object, java.lang.Object, java.lang.Object, java.lang.Object)'> (0x0000000713bb3b38) 
thrown [s\src\hotspot\share\interpreter\linkResolver.cpp, line 784]
Event: 0.617 Thread 0x0000026f1c392c40 Exception <a 'java/lang/NoSuchMethodError'{0x0000000713dad910}: 'void java.lang.invoke.DirectMethodHandle$Holder.invokeStatic(java.lang.Object, java.lang.Object)'> (0x0000000713dad910) 
thrown [s\src\hotspot\share\interpreter\linkResolver.cpp, line 784]
Event: 0.619 Thread 0x0000026f17dbeb20 Exception <a 'java/lang/NoSuchMethodError'{0x0000000713811ec8}: 'void java.lang.invoke.DirectMethodHandle$Holder.invokeInterface(java.lang.Object, java.lang.Object, java.lang.Object)'> (0x0000000713811ec8) 
thrown [s\src\hotspot\share\interpreter\linkResolver.cpp, line 784]
Event: 0.623 Thread 0x0000026f17dbeb20 Exception <a 'java/lang/NoSuchMethodError'{0x0000000713863560}: 'void java.lang.invoke.DirectMethodHandle$Holder.invokeVirtual(java.lang.Object, java.lang.Object)'> (0x0000000713863560) 
thrown [s\src\hotspot\share\interpreter\linkResolver.cpp, line 784]

ZGC Phase Switch (0 events):
No events

VM Operations (8 events):
Event: 0.215 Executing VM operation: HandshakeAllThreads (Deoptimize)
Event: 0.215 Executing VM operation: HandshakeAllThreads (Deoptimize) done
Event: 0.229 Executing VM operation: HandshakeAllThreads (Deoptimize)
Event: 0.229 Executing VM operation: HandshakeAllThreads (Deoptimize) done
Event: 0.410 Executing VM operation: HandshakeAllThreads (Deoptimize)
Event: 0.410 Executing VM operation: HandshakeAllThreads (Deoptimize) done
Event: 0.612 Executing VM operation: HandshakeAllThreads (Deoptimize)
Event: 0.612 Executing VM operation: HandshakeAllThreads (Deoptimize) done

Events (20 events):
Event: 0.139 Thread 0x0000026f17a54420 Thread added: 0x0000026f17a54420
Event: 0.141 Thread 0x0000026f17a5c370 Thread added: 0x0000026f17a5c370
Event: 0.141 Thread 0x0000026f17a5cdd0 Thread added: 0x0000026f17a5cdd0
Event: 0.141 Thread 0x0000026f17a5d830 Thread added: 0x0000026f17a5d830
Event: 0.141 Thread 0x0000026f17a5e290 Thread added: 0x0000026f17a5e290
Event: 0.141 Thread 0x0000026f17a5a6e0 Thread added: 0x0000026f17a5a6e0
Event: 0.141 Thread 0x0000026f17a7a500 Thread added: 0x0000026f17a7a500
Event: 0.174 Thread 0x0000026f17c1ef20 Thread added: 0x0000026f17c1ef20
Event: 0.180 Thread 0x0000026f17c23770 Thread added: 0x0000026f17c23770
Event: 0.192 Loaded shared library C:\Users\Alina\AppData\Local\Programs\IntelliJ IDEA Ultimate\jbr\bin\net.dll
Event: 0.196 Loaded shared library C:\Users\Alina\AppData\Local\Programs\IntelliJ IDEA Ultimate\jbr\bin\nio.dll
Event: 0.208 Loaded shared library C:\Users\Alina\AppData\Local\Programs\IntelliJ IDEA Ultimate\jbr\bin\zip.dll
Event: 0.286 Loaded shared library C:\Users\Alina\AppData\Local\Programs\IntelliJ IDEA Ultimate\jbr\bin\jimage.dll
Event: 0.302 Loaded shared library C:\Users\Alina\AppData\Local\Programs\IntelliJ IDEA Ultimate\jbr\bin\sunmscapi.dll
Event: 0.559 Loaded shared library C:\Users\Alina\AppData\Local\Programs\IntelliJ IDEA Ultimate\jbr\bin\extnet.dll
Event: 0.565 Thread 0x0000026f1c392c40 Thread added: 0x0000026f1c392c40
Event: 0.617 Thread 0x0000026f17dbeb20 Thread added: 0x0000026f17dbeb20
Event: 0.627 Thread 0x0000026f1c3c7d40 Thread added: 0x0000026f1c3c7d40
Event: 0.663 Thread 0x0000026f17a7c710 Thread added: 0x0000026f17a7c710
Event: 0.663 Thread 0x0000026f17a7d4b0 Thread added: 0x0000026f17a7d4b0


Dynamic libraries:
0x00007ff6ae2e0000 - 0x00007ff6ae2ea000 	C:\Users\Alina\AppData\Local\Programs\IntelliJ IDEA Ultimate\jbr\bin\java.exe
0x00007fff45870000 - 0x00007fff45a68000 	C:\Windows\SYSTEM32\ntdll.dll
0x00007fff45190000 - 0x00007fff4524d000 	C:\Windows\System32\KERNEL32.DLL
0x00007fff42fe0000 - 0x00007fff432d6000 	C:\Windows\System32\KERNELBASE.dll
0x00007fff43640000 - 0x00007fff43740000 	C:\Windows\System32\ucrtbase.dll
0x00007fff02900000 - 0x00007fff02918000 	C:\Users\Alina\AppData\Local\Programs\IntelliJ IDEA Ultimate\jbr\bin\jli.dll
0x00007fff3bb50000 - 0x00007fff3bb6b000 	C:\Users\Alina\AppData\Local\Programs\IntelliJ IDEA Ultimate\jbr\bin\VCRUNTIME140.dll
0x00007fff43920000 - 0x00007fff43abf000 	C:\Windows\System32\USER32.dll
0x00007fff43570000 - 0x00007fff43592000 	C:\Windows\System32\win32u.dll
0x00007fff450b0000 - 0x00007fff450db000 	C:\Windows\System32\GDI32.dll
0x00007fff432e0000 - 0x00007fff433f7000 	C:\Windows\System32\gdi32full.dll
0x00007fff27660000 - 0x00007fff278fa000 	C:\Windows\WinSxS\amd64_microsoft.windows.common-controls_6595b64144ccf1df_6.0.19041.4355_none_60b8b9eb71f62e16\COMCTL32.dll
0x00007fff435a0000 - 0x00007fff4363d000 	C:\Windows\System32\msvcp_win.dll
0x00007fff455c0000 - 0x00007fff4565e000 	C:\Windows\System32\msvcrt.dll
0x00007fff43ad0000 - 0x00007fff43b02000 	C:\Windows\System32\IMM32.DLL
0x00007fff3c1b0000 - 0x00007fff3c1bc000 	C:\Users\Alina\AppData\Local\Programs\IntelliJ IDEA Ultimate\jbr\bin\vcruntime140_1.dll
0x00007ffe71aa0000 - 0x00007ffe71b2d000 	C:\Users\Alina\AppData\Local\Programs\IntelliJ IDEA Ultimate\jbr\bin\msvcp140.dll
0x00007ffef9b20000 - 0x00007ffefa8d2000 	C:\Users\Alina\AppData\Local\Programs\IntelliJ IDEA Ultimate\jbr\bin\server\jvm.dll
0x00007fff44ed0000 - 0x00007fff44f80000 	C:\Windows\System32\ADVAPI32.dll
0x00007fff45730000 - 0x00007fff457d0000 	C:\Windows\System32\sechost.dll
0x00007fff44f80000 - 0x00007fff450a3000 	C:\Windows\System32\RPCRT4.dll
0x00007fff43400000 - 0x00007fff43427000 	C:\Windows\System32\bcrypt.dll
0x00007fff44d30000 - 0x00007fff44d9b000 	C:\Windows\System32\WS2_32.dll
0x00007fff42450000 - 0x00007fff4249b000 	C:\Windows\SYSTEM32\POWRPROF.dll
0x00007fff28f40000 - 0x00007fff28f67000 	C:\Windows\SYSTEM32\WINMM.dll
0x00007fff36f30000 - 0x00007fff36f3a000 	C:\Windows\SYSTEM32\VERSION.dll
0x00007fff42310000 - 0x00007fff42322000 	C:\Windows\SYSTEM32\UMPDC.dll
0x00007fff40f80000 - 0x00007fff40f92000 	C:\Windows\SYSTEM32\kernel.appcore.dll
0x00007fff3bd10000 - 0x00007fff3bd1a000 	C:\Users\Alina\AppData\Local\Programs\IntelliJ IDEA Ultimate\jbr\bin\jimage.dll
0x00007fff40b40000 - 0x00007fff40d24000 	C:\Windows\SYSTEM32\DBGHELP.DLL
0x00007fff2e290000 - 0x00007fff2e2c4000 	C:\Windows\SYSTEM32\dbgcore.DLL
0x00007fff434e0000 - 0x00007fff43562000 	C:\Windows\System32\bcryptPrimitives.dll
0x00007fff39ae0000 - 0x00007fff39aff000 	C:\Users\Alina\AppData\Local\Programs\IntelliJ IDEA Ultimate\jbr\bin\java.dll
0x00007fff38a40000 - 0x00007fff38a58000 	C:\Users\Alina\AppData\Local\Programs\IntelliJ IDEA Ultimate\jbr\bin\zip.dll
0x00007fff44070000 - 0x00007fff447dd000 	C:\Windows\System32\SHELL32.dll
0x00007fff40fa0000 - 0x00007fff4173d000 	C:\Windows\SYSTEM32\windows.storage.dll
0x00007fff43d10000 - 0x00007fff44063000 	C:\Windows\System32\combase.dll
0x00007fff42940000 - 0x00007fff4296e000 	C:\Windows\SYSTEM32\Wldp.dll
0x00007fff45660000 - 0x00007fff4572d000 	C:\Windows\System32\OLEAUT32.dll
0x00007fff447e0000 - 0x00007fff4488d000 	C:\Windows\System32\SHCORE.dll
0x00007fff43c50000 - 0x00007fff43ca5000 	C:\Windows\System32\shlwapi.dll
0x00007fff42e50000 - 0x00007fff42e74000 	C:\Windows\SYSTEM32\profapi.dll
0x00007fff38ce0000 - 0x00007fff38cf0000 	C:\Users\Alina\AppData\Local\Programs\IntelliJ IDEA Ultimate\jbr\bin\net.dll
0x00007fff3abf0000 - 0x00007fff3acfa000 	C:\Windows\SYSTEM32\WINHTTP.dll
0x00007fff426a0000 - 0x00007fff4270a000 	C:\Windows\system32\mswsock.dll
0x00007fff2e0d0000 - 0x00007fff2e0e6000 	C:\Users\Alina\AppData\Local\Programs\IntelliJ IDEA Ultimate\jbr\bin\nio.dll
0x00007fff2e0a0000 - 0x00007fff2e0ae000 	C:\Users\Alina\AppData\Local\Programs\IntelliJ IDEA Ultimate\jbr\bin\sunmscapi.dll
0x00007fff43740000 - 0x00007fff4389e000 	C:\Windows\System32\CRYPT32.dll
0x00007fff429b0000 - 0x00007fff429d8000 	C:\Windows\SYSTEM32\ncrypt.dll
0x00007fff42970000 - 0x00007fff429ab000 	C:\Windows\SYSTEM32\NTASN1.dll
0x00007fff428a0000 - 0x00007fff428b8000 	C:\Windows\SYSTEM32\CRYPTSP.dll
0x00007fff41f50000 - 0x00007fff41f84000 	C:\Windows\system32\rsaenh.dll
0x00007fff42e00000 - 0x00007fff42e2e000 	C:\Windows\SYSTEM32\USERENV.dll
0x00007fff42890000 - 0x00007fff4289c000 	C:\Windows\SYSTEM32\CRYPTBASE.dll
0x00007fff42330000 - 0x00007fff4236b000 	C:\Windows\SYSTEM32\IPHLPAPI.DLL
0x00007fff45490000 - 0x00007fff45498000 	C:\Windows\System32\NSI.dll
0x00007fff269b0000 - 0x00007fff269b7000 	C:\Windows\system32\wshunix.dll
0x00007fff28790000 - 0x00007fff28799000 	C:\Users\Alina\AppData\Local\Programs\IntelliJ IDEA Ultimate\jbr\bin\extnet.dll

dbghelp: loaded successfully - version: 4.0.5 - missing functions: none
symbol engine: initialized successfully - sym options: 0x614 - pdb path: .;C:\Users\Alina\AppData\Local\Programs\IntelliJ IDEA Ultimate\jbr\bin;C:\Windows\SYSTEM32;C:\Windows\WinSxS\amd64_microsoft.windows.common-controls_6595b64144ccf1df_6.0.19041.4355_none_60b8b9eb71f62e16;C:\Users\Alina\AppData\Local\Programs\IntelliJ IDEA Ultimate\jbr\bin\server

VM Arguments:
java_command: git4idea.http.GitAskPassApp Username for 'https://gitlab.com': 
java_class_path (initial): C:/Users/Alina/AppData/Local/Programs/IntelliJ IDEA Ultimate/plugins/vcs-git/lib/git4idea-rt.jar;C:/Users/Alina/AppData/Local/Programs/IntelliJ IDEA Ultimate/lib/externalProcess-rt.jar
Launcher Type: SUN_STANDARD

[Global flags]
     intx CICompilerCount                          = 4                                         {product} {ergonomic}
     uint ConcGCThreads                            = 3                                         {product} {ergonomic}
     uint G1ConcRefinementThreads                  = 10                                        {product} {ergonomic}
   size_t G1HeapRegionSize                         = 2097152                                   {product} {ergonomic}
    uintx GCDrainStackTargetSize                   = 64                                        {product} {ergonomic}
   size_t InitialHeapSize                          = 264241152                                 {product} {ergonomic}
   size_t MarkStackSize                            = 4194304                                   {product} {ergonomic}
   size_t MaxHeapSize                              = 4217372672                                {product} {ergonomic}
   size_t MaxNewSize                               = 2529165312                                {product} {ergonomic}
   size_t MinHeapDeltaBytes                        = 2097152                                   {product} {ergonomic}
   size_t MinHeapSize                              = 8388608                                   {product} {ergonomic}
    uintx NonNMethodCodeHeapSize                   = 5839372                                {pd product} {ergonomic}
    uintx NonProfiledCodeHeapSize                  = 122909434                              {pd product} {ergonomic}
    uintx ProfiledCodeHeapSize                     = 122909434                              {pd product} {ergonomic}
    uintx ReservedCodeCacheSize                    = 251658240                              {pd product} {ergonomic}
     bool SegmentedCodeCache                       = true                                      {product} {ergonomic}
   size_t SoftMaxHeapSize                          = 4217372672                             {manageable} {ergonomic}
     bool UseCompressedOops                        = true                           {product lp64_product} {ergonomic}
     bool UseG1GC                                  = true                                      {product} {ergonomic}
     bool UseLargePagesIndividualAllocation        = false                                  {pd product} {ergonomic}

Logging:
Log output configuration:
 #0: stdout all=warning uptime,level,tags foldmultilines=false
 #1: stderr all=off uptime,level,tags foldmultilines=false

Environment Variables:
PATH=C:/Program Files/Git/mingw64/libexec/git-core;C:/Program Files/Git/mingw64/libexec/git-core;C:\Program Files\Git\mingw64\bin;C:\Program Files\Git\usr\bin;C:\Users\Alina\bin;C:\Program Files (x86)\Common Files\Oracle\Java\javapath;C:\Windows\system32;C:\Windows;C:\Windows\System32\Wbem;C:\Windows\System32\WindowsPowerShell\v1.0\;C:\Windows\System32\OpenSSH\;C:\Program Files (x86)\NVIDIA Corporation\PhysX\Common;C:\Program Files\NVIDIA Corporation\NVIDIA NvDLISR;C:\Program Files\Git\cmd;C:\Program Files\PuTTY\;C:\Program Files\nodejs\;C:\Users\Alina\AppData\Local\Programs\Python\Launcher\;C:\Users\Alina\AppData\Local\Microsoft\WindowsApps;C:\Users\Alina\AppData\Local\JetBrains\Toolbox\scripts;C:\Users\Alina\AppData\Roaming\npm;C:\Users\Alina\AppData\Local\Programs\Microsoft VS Code\bin
USERNAME=Alina
DISPLAY=:0.0
LC_ALL=en_US.UTF-8
TERM=xterm-256color
TMPDIR=C:\Users\Alina\AppData\Local\Temp
OS=Windows_NT
PROCESSOR_IDENTIFIER=Intel64 Family 6 Model 154 Stepping 3, GenuineIntel
TMP=C:\Users\Alina\AppData\Local\Temp
TEMP=C:\Users\Alina\AppData\Local\Temp




Periodic native trim disabled

JNI global refs:
JNI global refs: 21, weak refs: 0

JNI global refs memory usage: 835, weak refs: 833

Process memory usage:
Resident Set Size: 79504K (0% of 16471152K total physical memory with 3261176K free physical memory)

OOME stack traces (most recent first):
Classloader memory used:
Loader bootstrap                                                                       : 15311K
Loader jdk.internal.loader.ClassLoaders$PlatformClassLoader                            : 1604K
Loader jdk.internal.loader.ClassLoaders$AppClassLoader                                 : 16408B

---------------  S Y S T E M  ---------------

OS:
 Windows 10 , 64 bit Build 19041 (10.0.19041.3636)
OS uptime: 1 days 9:28 hours

CPU: total 12 (initial active 12) (12 cores per cpu, 1 threads per core) family 6 model 154 stepping 3 microcode 0x416, cx8, cmov, fxsr, mmx, 3dnowpref, sse, sse2, sse3, ssse3, sse4.1, sse4.2, popcnt, lzcnt, tsc, tscinvbit, avx, avx2, aes, erms, clmul, bmi1, bmi2, adx, sha, fma, vzeroupper, clflush, clflushopt, clwb, serialize, rdtscp, rdpid, fsrm, f16c, pku, cet_ibt, cet_ss
Processor Information for processor 0
  Max Mhz: 2500, Current Mhz: 2500, Mhz Limit: 1875
Processor Information for processor 1
  Max Mhz: 2500, Current Mhz: 2500, Mhz Limit: 1875
Processor Information for processor 2
  Max Mhz: 2500, Current Mhz: 2500, Mhz Limit: 2500
Processor Information for processor 3
  Max Mhz: 2500, Current Mhz: 2500, Mhz Limit: 2500
Processor Information for processor 4
  Max Mhz: 2500, Current Mhz: 2500, Mhz Limit: 2500
Processor Information for processor 5
  Max Mhz: 2500, Current Mhz: 2500, Mhz Limit: 2500
Processor Information for processor 6
  Max Mhz: 2500, Current Mhz: 2500, Mhz Limit: 2500
Processor Information for processor 7
  Max Mhz: 2500, Current Mhz: 2500, Mhz Limit: 2500
Processor Information for processor 8
  Max Mhz: 2500, Current Mhz: 1875, Mhz Limit: 1875
Processor Information for processor 9
  Max Mhz: 2500, Current Mhz: 1875, Mhz Limit: 1875
Processor Information for processor 10
  Max Mhz: 2500, Current Mhz: 1875, Mhz Limit: 1875
Processor Information for processor 11
  Max Mhz: 2500, Current Mhz: 1875, Mhz Limit: 1875

Memory: 4k page, system-wide physical 16085M (3184M free)
TotalPageFile size 27323M (AvailPageFile size 6M)
current process WorkingSet (physical memory assigned to process): 77M, peak: 77M
current process commit charge ("private bytes"): 359M, peak: 360M

vm_info: OpenJDK 64-Bit Server VM (21.0.3+13-b509.4) for windows-amd64 JRE (21.0.3+13-b509.4), built on 2024-06-26 by "builduser" with MS VC++ 16.10 / 16.11 (VS2019)

END.
